2021-12-05 21:47:17 - WARNING - "GET /blogs HTTP/1.1" 404 1536
2021-12-05 21:47:17 - WARNING - "GET /b HTTP/1.1" 404 1536
2021-12-05 21:47:17 - INFO - "GET / HTTP/1.1" 200 1219
2021-12-05 21:47:17 - WARNING - "GET /bloghs HTTP/1.1" 404 1536
2021-12-05 21:47:17 - WARNING - "GET /blogs HTTP/1.1" 404 1536
2021-12-06 00:09:03 - WARNING - "GET /blogs HTTP/1.1" 404 1536
2021-12-06 00:09:03 - INFO - "GET / HTTP/1.1" 200 1219
2021-12-06 00:09:03 - INFO - "GET /static/style.css HTTP/1.1" 200 648
2021-12-06 00:09:03 - WARNING - "GET /blogs HTTP/1.1" 404 1536
2021-12-06 00:09:03 - WARNING - "GET /blogs HTTP/1.1" 404 1536
2021-12-06 00:09:03 - WARNING - "GET /blogs HTTP/1.1" 404 1536
2021-12-06 00:09:03 - WARNING - "GET /blogs HTTP/1.1" 404 1536
2021-12-06 00:57:46 - WARNING - "GET /blogs HTTP/1.1" 404 1536
2021-12-06 00:57:46 - WARNING - "GET /blogs HTTP/1.1" 404 1536
2021-12-06 00:57:46 - INFO - "GET / HTTP/1.1" 200 1219
2021-12-06 00:57:46 - INFO - "GET /static/style.css HTTP/1.1" 304 0
2021-12-06 00:57:46 - WARNING - "GET /blogs HTTP/1.1" 404 1536
2021-12-06 01:01:58 - WARNING - "GET /blogs HTTP/1.1" 404 1536
2021-12-06 01:01:58 - WARNING - "GET /blogs HTTP/1.1" 404 1536
2021-12-06 01:01:58 - WARNING - "GET /blogs HTTP/1.1" 404 1536
2021-12-06 01:01:58 - WARNING - "GET /blogs/ HTTP/1.1" 404 1536
2021-12-06 01:01:58 - WARNING - "POST /blogs/ HTTP/1.1" 404 1536
2021-12-06 01:01:58 - ERROR - "DELETE /blogs/ HTTP/1.1" 500 59
2021-12-06 01:05:24 - WARNING - "GET /blogs/ HTTP/1.1" 404 1536
2021-12-06 01:05:24 - WARNING - "GET /blog HTTP/1.1" 404 1536
2021-12-06 01:05:24 - WARNING - "GET /blogs HTTP/1.1" 404 1536
2021-12-06 01:05:24 - INFO - "GET / HTTP/1.1" 200 1219
2021-12-06 01:05:24 - WARNING - "GET /blogs HTTP/1.1" 404 1536
2021-12-06 01:11:54 - WARNING - "GET /blogs HTTP/1.1" 404 1536
2021-12-06 01:15:36 - WARNING - "GET /blogs HTTP/1.1" 404 1536
2021-12-06 01:17:02 - WARNING - "GET /blogs HTTP/1.1" 404 1536
2021-12-06 01:17:02 - WARNING - "GET /blogs HTTP/1.1" 404 1536
2021-12-06 01:17:02 - WARNING - "GET /blogs HTTP/1.1" 404 1536
2021-12-06 01:17:02 - INFO - "GET / HTTP/1.1" 200 1219
2021-12-06 01:17:02 - INFO - "GET /static/style.css HTTP/1.1" 304 0
2021-12-06 01:17:02 - WARNING - "GET /blogs HTTP/1.1" 404 1536
2021-12-06 01:19:26 - INFO - "GET /blogs HTTP/1.1" 200 2
2021-12-06 01:19:26 - INFO - "GET /blogs HTTP/1.1" 200 2
2021-12-06 01:20:18 - ERROR - AttributeError in /Users/palomacorreal/development/seir_penguin/UNIT_4_PYTHON_MASONITE/DAY_05/5_afternoon_lab/backend/app/http/controllers/blogsController.py on line 35
2021-12-06 01:20:18 - ERROR - "GET /blogs/0 HTTP/1.1" 500 1048205
2021-12-07 06:40:46 - ERROR - AttributeError in 0 on line 0
2021-12-07 06:40:46 - ERROR - "GET / HTTP/1.1" 500 967528
2021-12-07 16:09:53 - ERROR - AttributeError in 0 on line 0
2021-12-07 16:09:55 - ERROR - AttributeError in 0 on line 0
2021-12-07 16:09:55 - ERROR - "GET / HTTP/1.1" 500 967535
